AH00558: apache2: Could not reliably determine the server's fully qualified domain name, using 172.18.0.2. Set the 'ServerName' directive globally to suppress this message
[Wed Nov 26 12:12:55.194616 2025] [mpm_prefork:notice] [pid 30:tid 30] AH00163: Apache/2.4.65 (Debian) PHP/8.2.29 configured -- resuming normal operations
[Wed Nov 26 12:12:55.194636 2025] [core:notice] [pid 30:tid 30] AH00094: Command line: '/usr/sbin/apache2 -D FOREGROUND'
AH00558: apache2: Could not reliably determine the server's fully qualified domain name, using 172.18.0.2. Set the 'ServerName' directive globally to suppress this message
[Wed Nov 26 12:26:27.082537 2025] [core:warn] [pid 18:tid 18] AH00098: pid file /var/run/apache2/apache2.pid overwritten -- Unclean shutdown of previous Apache run?
[Wed Nov 26 12:26:27.084257 2025] [mpm_prefork:notice] [pid 18:tid 18] AH00163: Apache/2.4.65 (Debian) PHP/8.2.29 configured -- resuming normal operations
[Wed Nov 26 12:26:27.084267 2025] [core:notice] [pid 18:tid 18] AH00094: Command line: '/usr/sbin/apache2 -D FOREGROUND'
AH00558: apache2: Could not reliably determine the server's fully qualified domain name, using 172.18.0.2. Set the 'ServerName' directive globally to suppress this message
[Wed Nov 26 12:28:45.071086 2025] [core:warn] [pid 18:tid 18] AH00098: pid file /var/run/apache2/apache2.pid overwritten -- Unclean shutdown of previous Apache run?
[Wed Nov 26 12:28:45.072786 2025] [mpm_prefork:notice] [pid 18:tid 18] AH00163: Apache/2.4.65 (Debian) PHP/8.2.29 configured -- resuming normal operations
[Wed Nov 26 12:28:45.072796 2025] [core:notice] [pid 18:tid 18] AH00094: Command line: '/usr/sbin/apache2 -D FOREGROUND'
AH00558: apache2: Could not reliably determine the server's fully qualified domain name, using 172.18.0.2. Set the 'ServerName' directive globally to suppress this message
[Wed Nov 26 12:37:53.713193 2025] [core:warn] [pid 18:tid 18] AH00098: pid file /var/run/apache2/apache2.pid overwritten -- Unclean shutdown of previous Apache run?
[Wed Nov 26 12:37:53.714925 2025] [mpm_prefork:notice] [pid 18:tid 18] AH00163: Apache/2.4.65 (Debian) PHP/8.2.29 configured -- resuming normal operations
[Wed Nov 26 12:37:53.714934 2025] [core:notice] [pid 18:tid 18] AH00094: Command line: '/usr/sbin/apache2 -D FOREGROUND'
AH00558: apache2: Could not reliably determine the server's fully qualified domain name, using 172.18.0.2. Set the 'ServerName' directive globally to suppress this message
[Wed Nov 26 12:39:17.343353 2025] [core:warn] [pid 18:tid 18] AH00098: pid file /var/run/apache2/apache2.pid overwritten -- Unclean shutdown of previous Apache run?
[Wed Nov 26 12:39:17.345202 2025] [mpm_prefork:notice] [pid 18:tid 18] AH00163: Apache/2.4.65 (Debian) PHP/8.2.29 configured -- resuming normal operations
[Wed Nov 26 12:39:17.345212 2025] [core:notice] [pid 18:tid 18] AH00094: Command line: '/usr/sbin/apache2 -D FOREGROUND'
AH00558: apache2: Could not reliably determine the server's fully qualified domain name, using 172.18.0.2. Set the 'ServerName' directive globally to suppress this message
[Wed Nov 26 13:18:41.259963 2025] [mpm_prefork:notice] [pid 38:tid 38] AH00163: Apache/2.4.65 (Debian) PHP/8.2.29 configured -- resuming normal operations
[Wed Nov 26 13:18:41.259982 2025] [core:notice] [pid 38:tid 38] AH00094: Command line: '/usr/sbin/apache2 -D FOREGROUND'
[Tue Dec 02 09:22:23.502245 2025] [ssl:warn] [pid 56:tid 56] AH01906: default-https:443:0 server certificate is a CA certificate (BasicConstraints: CA == TRUE !?)
[Tue Dec 02 09:22:23.503196 2025] [ssl:warn] [pid 56:tid 56] AH01909: default-https:443:0 server certificate does NOT include an ID which matches the server name
AH00558: apache2: Could not reliably determine the server's fully qualified domain name, using 172.19.0.2. Set the 'ServerName' directive globally to suppress this message
[Tue Dec 02 09:22:23.537339 2025] [ssl:warn] [pid 56:tid 56] AH01906: default-https:443:0 server certificate is a CA certificate (BasicConstraints: CA == TRUE !?)
[Tue Dec 02 09:22:23.537351 2025] [ssl:warn] [pid 56:tid 56] AH01909: default-https:443:0 server certificate does NOT include an ID which matches the server name
[Tue Dec 02 09:22:23.540835 2025] [mpm_prefork:notice] [pid 56:tid 56] AH00163: Apache/2.4.65 (Debian) PHP/8.2.29 OpenSSL/3.5.1 configured -- resuming normal operations
[Tue Dec 02 09:22:23.540846 2025] [core:notice] [pid 56:tid 56] AH00094: Command line: '/usr/sbin/apache2 -D FOREGROUND'
